<?xml version="1.0" encoding="UTF-8"?>
<coverage generated="1779168953571" clover="3.2.0">
  <project timestamp="1779168953571" name="All files">
    <metrics statements="113" coveredstatements="110" conditionals="62" coveredconditionals="50" methods="57" coveredmethods="54" elements="232" coveredelements="214" complexity="0" loc="113" ncloc="113" packages="1" files="2" classes="2"/>
    <file name="App.tsx" path="/home/runner/work/WorkLogging/WorkLogging/App.tsx">
      <metrics statements="112" coveredstatements="110" conditionals="62" coveredconditionals="50" methods="57" coveredmethods="54"/>
      <line num="31" count="70" type="stmt"/>
      <line num="32" count="70" type="stmt"/>
      <line num="33" count="70" type="stmt"/>
      <line num="34" count="70" type="stmt"/>
      <line num="35" count="210" type="stmt"/>
      <line num="36" count="70" type="stmt"/>
      <line num="40" count="6" type="stmt"/>
      <line num="41" count="6" type="stmt"/>
      <line num="45" count="3" type="stmt"/>
      <line num="46" count="3" type="stmt"/>
      <line num="50" count="46" type="stmt"/>
      <line num="51" count="46" type="stmt"/>
      <line num="52" count="46" type="stmt"/>
      <line num="53" count="46" type="stmt"/>
      <line num="54" count="46" type="stmt"/>
      <line num="55" count="46" type="stmt"/>
      <line num="57" count="46" type="stmt"/>
      <line num="59" count="46" type="stmt"/>
      <line num="60" count="18" type="cond" truecount="4" falsecount="0"/>
      <line num="61" count="6" type="stmt"/>
      <line num="62" count="12" type="cond" truecount="3" falsecount="1"/>
      <line num="63" count="0" type="stmt"/>
      <line num="64" count="0" type="stmt"/>
      <line num="66" count="18" type="stmt"/>
      <line num="67" count="18" type="cond" truecount="2" falsecount="0"/>
      <line num="68" count="6" type="stmt"/>
      <line num="69" count="6" type="stmt"/>
      <line num="74" count="46" type="stmt"/>
      <line num="75" count="7" type="stmt"/>
      <line num="76" count="7" type="cond" truecount="1" falsecount="1"/>
      <line num="77" count="7" type="stmt"/>
      <line num="81" count="7" type="stmt"/>
      <line num="84" count="46" type="stmt"/>
      <line num="85" count="12" type="stmt"/>
      <line num="86" count="12" type="stmt"/>
      <line num="87" count="12" type="stmt"/>
      <line num="88" count="14" type="cond" truecount="2" falsecount="0"/>
      <line num="89" count="12" type="cond" truecount="2" falsecount="0"/>
      <line num="90" count="7" type="stmt"/>
      <line num="92" count="5" type="stmt"/>
      <line num="93" count="5" type="stmt"/>
      <line num="104" count="5" type="stmt"/>
      <line num="106" count="2" type="cond" truecount="2" falsecount="0"/>
      <line num="107" count="1" type="stmt"/>
      <line num="108" count="1" type="stmt"/>
      <line num="119" count="1" type="stmt"/>
      <line num="121" count="1" type="stmt"/>
      <line num="126" count="46" type="stmt"/>
      <line num="127" count="1" type="stmt"/>
      <line num="128" count="1" type="stmt"/>
      <line num="131" count="46" type="stmt"/>
      <line num="132" count="1" type="stmt"/>
      <line num="135" count="46" type="stmt"/>
      <line num="136" count="29" type="stmt"/>
      <line num="137" count="29" type="stmt"/>
      <line num="138" count="29" type="stmt"/>
      <line num="140" count="10" type="cond" truecount="2" falsecount="2"/>
      <line num="141" count="10" type="stmt"/>
      <line num="143" count="10" type="stmt"/>
      <line num="146" count="46" type="stmt"/>
      <line num="147" count="23" type="stmt"/>
      <line num="148" count="9" type="stmt"/>
      <line num="149" count="8" type="stmt"/>
      <line num="152" count="46" type="stmt"/>
      <line num="153" count="5" type="stmt"/>
      <line num="154" count="5" type="stmt"/>
      <line num="155" count="5" type="stmt"/>
      <line num="156" count="3" type="stmt"/>
      <line num="157" count="3" type="cond" truecount="1" falsecount="1"/>
      <line num="158" count="3" type="stmt"/>
      <line num="160" count="5" type="stmt"/>
      <line num="163" count="46" type="stmt"/>
      <line num="164" count="2" type="stmt"/>
      <line num="165" count="1" type="cond" truecount="1" falsecount="1"/>
      <line num="166" count="2" type="stmt"/>
      <line num="167" count="1" type="stmt"/>
      <line num="174" count="46" type="cond" truecount="1" falsecount="1"/>
      <line num="176" count="46" type="stmt"/>
      <line num="177" count="28" type="stmt"/>
      <line num="182" count="46" type="stmt"/>
      <line num="183" count="120" type="stmt"/>
      <line num="185" count="5" type="stmt"/>
      <line num="193" count="46" type="stmt"/>
      <line num="194" count="40" type="stmt"/>
      <line num="217" count="30" type="stmt"/>
      <line num="222" count="23" type="stmt"/>
      <line num="223" count="23" type="cond" truecount="2" falsecount="0"/>
      <line num="224" count="23" type="stmt"/>
      <line num="225" count="23" type="stmt"/>
      <line num="236" count="12" type="stmt"/>
      <line num="240" count="1" type="stmt"/>
      <line num="253" count="46" type="stmt"/>
      <line num="254" count="5" type="stmt"/>
      <line num="255" count="5" type="stmt"/>
      <line num="256" count="5" type="stmt"/>
      <line num="259" count="6" type="stmt"/>
      <line num="262" count="3" type="cond" truecount="1" falsecount="1"/>
      <line num="263" count="3" type="stmt"/>
      <line num="267" count="3" type="stmt"/>
      <line num="279" count="1" type="stmt"/>
      <line num="293" count="46" type="stmt"/>
      <line num="294" count="1" type="stmt"/>
      <line num="303" count="1" type="stmt"/>
      <line num="304" count="1" type="stmt"/>
      <line num="306" count="2" type="cond" truecount="1" falsecount="1"/>
      <line num="307" count="2" type="stmt"/>
      <line num="308" count="2" type="stmt"/>
      <line num="309" count="2" type="stmt"/>
      <line num="311" count="2" type="stmt"/>
      <line num="312" count="1" type="stmt"/>
      <line num="328" count="46" type="stmt"/>
      <line num="348" count="1" type="stmt"/>
    </file>
    <file name="index.ts" path="/home/runner/work/WorkLogging/WorkLogging/index.ts">
      <metrics statements="1" coveredstatements="0" conditionals="0" coveredconditionals="0" methods="0" coveredmethods="0"/>
      <line num="8" count="0" type="stmt"/>
    </file>
  </project>
</coverage>
