{"/home/runner/work/WorkLogging/WorkLogging/App.tsx": {"path":"/home/runner/work/WorkLogging/WorkLogging/App.tsx","statementMap":{"0":{"start":{"line":31,"column":23},"end":{"line":31,"column":44}},"1":{"start":{"line":32,"column":12},"end":{"line":32,"column":43}},"2":{"start":{"line":33,"column":12},"end":{"line":33,"column":50}},"3":{"start":{"line":34,"column":12},"end":{"line":34,"column":29}},"4":{"start":{"line":35,"column":14},"end":{"line":35,"column":58}},"5":{"start":{"line":35,"column":29},"end":{"line":35,"column":58}},"6":{"start":{"line":36,"column":2},"end":{"line":36,"column":41}},"7":{"start":{"line":40,"column":15},"end":{"line":40,"column":34}},"8":{"start":{"line":41,"column":2},"end":{"line":41,"column":96}},"9":{"start":{"line":45,"column":15},"end":{"line":45,"column":34}},"10":{"start":{"line":46,"column":2},"end":{"line":46,"column":96}},"11":{"start":{"line":50,"column":28},"end":{"line":50,"column":48}},"12":{"start":{"line":51,"column":40},"end":{"line":51,"column":65}},"13":{"start":{"line":52,"column":28},"end":{"line":52,"column":40}},"14":{"start":{"line":53,"column":22},"end":{"line":53,"column":33}},"15":{"start":{"line":54,"column":38},"end":{"line":54,"column":86}},"16":{"start":{"line":55,"column":22},"end":{"line":55,"column":73}},"17":{"start":{"line":57,"column":21},"end":{"line":57,"column":60}},"18":{"start":{"line":57,"column":39},"end":{"line":57,"column":59}},"19":{"start":{"line":59,"column":2},"end":{"line":72,"column":19}},"20":{"start":{"line":60,"column":4},"end":{"line":65,"column":5}},"21":{"start":{"line":61,"column":6},"end":{"line":61,"column":75}},"22":{"start":{"line":61,"column":46},"end":{"line":61,"column":67}},"23":{"start":{"line":61,"column":61},"end":{"line":61,"column":66}},"24":{"start":{"line":62,"column":11},"end":{"line":65,"column":5}},"25":{"start":{"line":63,"column":6},"end":{"line":63,"column":41}},"26":{"start":{"line":64,"column":6},"end":{"line":64,"column":33}},"27":{"start":{"line":66,"column":4},"end":{"line":71,"column":6}},"28":{"start":{"line":67,"column":6},"end":{"line":70,"column":7}},"29":{"start":{"line":68,"column":8},"end":{"line":68,"column":43}},"30":{"start":{"line":69,"column":8},"end":{"line":69,"column":35}},"31":{"start":{"line":74,"column":18},"end":{"line":82,"column":3}},"32":{"start":{"line":75,"column":17},"end":{"line":75,"column":29}},"33":{"start":{"line":76,"column":4},"end":{"line":76,"column":22}},"34":{"start":{"line":76,"column":15},"end":{"line":76,"column":22}},"35":{"start":{"line":77,"column":4},"end":{"line":80,"column":7}},"36":{"start":{"line":77,"column":23},"end":{"line":80,"column":5}},"37":{"start":{"line":81,"column":4},"end":{"line":81,"column":17}},"38":{"start":{"line":84,"column":21},"end":{"line":124,"column":3}},"39":{"start":{"line":85,"column":16},"end":{"line":85,"column":26}},"40":{"start":{"line":86,"column":4},"end":{"line":123,"column":6}},"41":{"start":{"line":87,"column":6},"end":{"line":122,"column":8}},"42":{"start":{"line":88,"column":8},"end":{"line":105,"column":9}},"43":{"start":{"line":89,"column":10},"end":{"line":91,"column":11}},"44":{"start":{"line":90,"column":12},"end":{"line":90,"column":44}},"45":{"start":{"line":92,"column":27},"end":{"line":92,"column":44}},"46":{"start":{"line":93,"column":10},"end":{"line":103,"column":13}},"47":{"start":{"line":93,"column":42},"end":{"line":103,"column":11}},"48":{"start":{"line":104,"column":10},"end":{"line":104,"column":43}},"49":{"start":{"line":106,"column":8},"end":{"line":120,"column":9}},"50":{"start":{"line":107,"column":27},"end":{"line":107,"column":44}},"51":{"start":{"line":108,"column":10},"end":{"line":118,"column":13}},"52":{"start":{"line":108,"column":42},"end":{"line":118,"column":11}},"53":{"start":{"line":119,"column":10},"end":{"line":119,"column":43}},"54":{"start":{"line":121,"column":8},"end":{"line":121,"column":17}},"55":{"start":{"line":126,"column":21},"end":{"line":129,"column":3}},"56":{"start":{"line":127,"column":4},"end":{"line":127,"column":56}},"57":{"start":{"line":127,"column":23},"end":{"line":127,"column":54}},"58":{"start":{"line":127,"column":42},"end":{"line":127,"column":53}},"59":{"start":{"line":128,"column":4},"end":{"line":128,"column":66}},"60":{"start":{"line":128,"column":29},"end":{"line":128,"column":64}},"61":{"start":{"line":128,"column":48},"end":{"line":128,"column":63}},"62":{"start":{"line":131,"column":26},"end":{"line":133,"column":3}},"63":{"start":{"line":132,"column":4},"end":{"line":132,"column":67}},"64":{"start":{"line":132,"column":29},"end":{"line":132,"column":65}},"65":{"start":{"line":132,"column":48},"end":{"line":132,"column":64}},"66":{"start":{"line":135,"column":23},"end":{"line":144,"column":3}},"67":{"start":{"line":136,"column":18},"end":{"line":136,"column":28}},"68":{"start":{"line":137,"column":4},"end":{"line":137,"column":31}},"69":{"start":{"line":138,"column":4},"end":{"line":143,"column":47}},"70":{"start":{"line":140,"column":8},"end":{"line":140,"column":56}},"71":{"start":{"line":140,"column":43},"end":{"line":140,"column":56}},"72":{"start":{"line":141,"column":8},"end":{"line":141,"column":46}},"73":{"start":{"line":143,"column":26},"end":{"line":143,"column":42}},"74":{"start":{"line":146,"column":30},"end":{"line":150,"column":3}},"75":{"start":{"line":147,"column":4},"end":{"line":149,"column":47}},"76":{"start":{"line":148,"column":21},"end":{"line":148,"column":40}},"77":{"start":{"line":149,"column":26},"end":{"line":149,"column":42}},"78":{"start":{"line":152,"column":27},"end":{"line":161,"column":3}},"79":{"start":{"line":153,"column":19},"end":{"line":153,"column":49}},"80":{"start":{"line":154,"column":19},"end":{"line":154,"column":77}},"81":{"start":{"line":154,"column":51},"end":{"line":154,"column":76}},"82":{"start":{"line":155,"column":4},"end":{"line":159,"column":7}},"83":{"start":{"line":156,"column":22},"end":{"line":156,"column":49}},"84":{"start":{"line":157,"column":6},"end":{"line":157,"column":56}},"85":{"start":{"line":157,"column":32},"end":{"line":157,"column":56}},"86":{"start":{"line":158,"column":6},"end":{"line":158,"column":39}},"87":{"start":{"line":160,"column":4},"end":{"line":160,"column":18}},"88":{"start":{"line":163,"column":23},"end":{"line":172,"column":3}},"89":{"start":{"line":164,"column":20},"end":{"line":164,"column":66}},"90":{"start":{"line":164,"column":46},"end":{"line":164,"column":65}},"91":{"start":{"line":165,"column":4},"end":{"line":165,"column":84}},"92":{"start":{"line":165,"column":30},"end":{"line":165,"column":84}},"93":{"start":{"line":166,"column":26},"end":{"line":166,"column":73}},"94":{"start":{"line":166,"column":53},"end":{"line":166,"column":69}},"95":{"start":{"line":167,"column":4},"end":{"line":171,"column":6}},"96":{"start":{"line":174,"column":17},"end":{"line":174,"column":83}},"97":{"start":{"line":174,"column":31},"end":{"line":174,"column":82}},"98":{"start":{"line":176,"column":18},"end":{"line":180,"column":3}},"99":{"start":{"line":177,"column":10},"end":{"line":177,"column":107}},"100":{"start":{"line":177,"column":47},"end":{"line":177,"column":67}},"101":{"start":{"line":177,"column":88},"end":{"line":177,"column":103}},"102":{"start":{"line":182,"column":20},"end":{"line":191,"column":3}},"103":{"start":{"line":183,"column":4},"end":{"line":190,"column":16}},"104":{"start":{"line":185,"column":21},"end":{"line":185,"column":39}},"105":{"start":{"line":193,"column":25},"end":{"line":251,"column":3}},"106":{"start":{"line":194,"column":4},"end":{"line":250,"column":7}},"107":{"start":{"line":217,"column":29},"end":{"line":217,"column":33}},"108":{"start":{"line":222,"column":26},"end":{"line":222,"column":49}},"109":{"start":{"line":223,"column":35},"end":{"line":223,"column":76}},"110":{"start":{"line":224,"column":26},"end":{"line":224,"column":73}},"111":{"start":{"line":225,"column":10},"end":{"line":245,"column":12}},"112":{"start":{"line":236,"column":33},"end":{"line":236,"column":52}},"113":{"start":{"line":240,"column":87},"end":{"line":240,"column":106}},"114":{"start":{"line":253,"column":23},"end":{"line":291,"column":3}},"115":{"start":{"line":254,"column":27},"end":{"line":254,"column":45}},"116":{"start":{"line":255,"column":18},"end":{"line":255,"column":51}},"117":{"start":{"line":256,"column":4},"end":{"line":290,"column":6}},"118":{"start":{"line":259,"column":32},"end":{"line":259,"column":36}},"119":{"start":{"line":262,"column":26},"end":{"line":262,"column":59}},"120":{"start":{"line":263,"column":10},"end":{"line":286,"column":12}},"121":{"start":{"line":267,"column":16},"end":{"line":283,"column":23}},"122":{"start":{"line":279,"column":35},"end":{"line":279,"column":60}},"123":{"start":{"line":293,"column":29},"end":{"line":326,"column":3}},"124":{"start":{"line":294,"column":4},"end":{"line":325,"column":17}},"125":{"start":{"line":303,"column":24},"end":{"line":303,"column":45}},"126":{"start":{"line":304,"column":28},"end":{"line":311,"column":52}},"127":{"start":{"line":306,"column":14},"end":{"line":306,"column":53}},"128":{"start":{"line":306,"column":40},"end":{"line":306,"column":53}},"129":{"start":{"line":307,"column":28},"end":{"line":307,"column":38}},"130":{"start":{"line":308,"column":14},"end":{"line":308,"column":41}},"131":{"start":{"line":309,"column":14},"end":{"line":309,"column":52}},"132":{"start":{"line":311,"column":32},"end":{"line":311,"column":48}},"133":{"start":{"line":312,"column":10},"end":{"line":322,"column":12}},"134":{"start":{"line":328,"column":2},"end":{"line":345,"column":4}},"135":{"start":{"line":348,"column":15},"end":{"line":572,"column":2}}},"fnMap":{"0":{"name":"formatDuration","decl":{"start":{"line":30,"column":9},"end":{"line":30,"column":23}},"loc":{"start":{"line":30,"column":44},"end":{"line":37,"column":1}},"line":30},"1":{"name":"(anonymous_1)","decl":{"start":{"line":35,"column":14},"end":{"line":35,"column":15}},"loc":{"start":{"line":35,"column":29},"end":{"line":35,"column":58}},"line":35},"2":{"name":"formatTime","decl":{"start":{"line":39,"column":9},"end":{"line":39,"column":19}},"loc":{"start":{"line":39,"column":47},"end":{"line":42,"column":1}},"line":39},"3":{"name":"formatDate","decl":{"start":{"line":44,"column":9},"end":{"line":44,"column":19}},"loc":{"start":{"line":44,"column":47},"end":{"line":47,"column":1}},"line":44},"4":{"name":"App","decl":{"start":{"line":49,"column":24},"end":{"line":49,"column":27}},"loc":{"start":{"line":49,"column":30},"end":{"line":346,"column":1}},"line":49},"5":{"name":"(anonymous_5)","decl":{"start":{"line":57,"column":32},"end":{"line":57,"column":33}},"loc":{"start":{"line":57,"column":39},"end":{"line":57,"column":59}},"line":57},"6":{"name":"(anonymous_6)","decl":{"start":{"line":59,"column":12},"end":{"line":59,"column":13}},"loc":{"start":{"line":59,"column":18},"end":{"line":72,"column":3}},"line":59},"7":{"name":"(anonymous_7)","decl":{"start":{"line":61,"column":40},"end":{"line":61,"column":41}},"loc":{"start":{"line":61,"column":46},"end":{"line":61,"column":67}},"line":61},"8":{"name":"(anonymous_8)","decl":{"start":{"line":61,"column":54},"end":{"line":61,"column":55}},"loc":{"start":{"line":61,"column":61},"end":{"line":61,"column":66}},"line":61},"9":{"name":"(anonymous_9)","decl":{"start":{"line":66,"column":11},"end":{"line":66,"column":12}},"loc":{"start":{"line":66,"column":17},"end":{"line":71,"column":5}},"line":66},"10":{"name":"(anonymous_10)","decl":{"start":{"line":74,"column":18},"end":{"line":74,"column":19}},"loc":{"start":{"line":74,"column":24},"end":{"line":82,"column":3}},"line":74},"11":{"name":"(anonymous_11)","decl":{"start":{"line":77,"column":13},"end":{"line":77,"column":14}},"loc":{"start":{"line":77,"column":23},"end":{"line":80,"column":5}},"line":77},"12":{"name":"(anonymous_12)","decl":{"start":{"line":84,"column":21},"end":{"line":84,"column":22}},"loc":{"start":{"line":84,"column":37},"end":{"line":124,"column":3}},"line":84},"13":{"name":"(anonymous_13)","decl":{"start":{"line":86,"column":13},"end":{"line":86,"column":14}},"loc":{"start":{"line":87,"column":6},"end":{"line":122,"column":8}},"line":87},"14":{"name":"(anonymous_14)","decl":{"start":{"line":87,"column":15},"end":{"line":87,"column":16}},"loc":{"start":{"line":87,"column":22},"end":{"line":122,"column":7}},"line":87},"15":{"name":"(anonymous_15)","decl":{"start":{"line":93,"column":25},"end":{"line":93,"column":26}},"loc":{"start":{"line":93,"column":42},"end":{"line":103,"column":11}},"line":93},"16":{"name":"(anonymous_16)","decl":{"start":{"line":108,"column":25},"end":{"line":108,"column":26}},"loc":{"start":{"line":108,"column":42},"end":{"line":118,"column":11}},"line":108},"17":{"name":"(anonymous_17)","decl":{"start":{"line":126,"column":21},"end":{"line":126,"column":22}},"loc":{"start":{"line":126,"column":37},"end":{"line":129,"column":3}},"line":126},"18":{"name":"(anonymous_18)","decl":{"start":{"line":127,"column":13},"end":{"line":127,"column":14}},"loc":{"start":{"line":127,"column":23},"end":{"line":127,"column":54}},"line":127},"19":{"name":"(anonymous_19)","decl":{"start":{"line":127,"column":35},"end":{"line":127,"column":36}},"loc":{"start":{"line":127,"column":42},"end":{"line":127,"column":53}},"line":127},"20":{"name":"(anonymous_20)","decl":{"start":{"line":128,"column":19},"end":{"line":128,"column":20}},"loc":{"start":{"line":128,"column":29},"end":{"line":128,"column":64}},"line":128},"21":{"name":"(anonymous_21)","decl":{"start":{"line":128,"column":41},"end":{"line":128,"column":42}},"loc":{"start":{"line":128,"column":48},"end":{"line":128,"column":63}},"line":128},"22":{"name":"(anonymous_22)","decl":{"start":{"line":131,"column":26},"end":{"line":131,"column":27}},"loc":{"start":{"line":131,"column":47},"end":{"line":133,"column":3}},"line":131},"23":{"name":"(anonymous_23)","decl":{"start":{"line":132,"column":19},"end":{"line":132,"column":20}},"loc":{"start":{"line":132,"column":29},"end":{"line":132,"column":65}},"line":132},"24":{"name":"(anonymous_24)","decl":{"start":{"line":132,"column":41},"end":{"line":132,"column":42}},"loc":{"start":{"line":132,"column":48},"end":{"line":132,"column":64}},"line":132},"25":{"name":"(anonymous_25)","decl":{"start":{"line":135,"column":23},"end":{"line":135,"column":24}},"loc":{"start":{"line":135,"column":52},"end":{"line":144,"column":3}},"line":135},"26":{"name":"(anonymous_26)","decl":{"start":{"line":139,"column":14},"end":{"line":139,"column":15}},"loc":{"start":{"line":139,"column":21},"end":{"line":142,"column":7}},"line":139},"27":{"name":"(anonymous_27)","decl":{"start":{"line":143,"column":14},"end":{"line":143,"column":15}},"loc":{"start":{"line":143,"column":26},"end":{"line":143,"column":42}},"line":143},"28":{"name":"(anonymous_28)","decl":{"start":{"line":146,"column":30},"end":{"line":146,"column":31}},"loc":{"start":{"line":146,"column":58},"end":{"line":150,"column":3}},"line":146},"29":{"name":"(anonymous_29)","decl":{"start":{"line":148,"column":14},"end":{"line":148,"column":15}},"loc":{"start":{"line":148,"column":21},"end":{"line":148,"column":40}},"line":148},"30":{"name":"(anonymous_30)","decl":{"start":{"line":149,"column":14},"end":{"line":149,"column":15}},"loc":{"start":{"line":149,"column":26},"end":{"line":149,"column":42}},"line":149},"31":{"name":"(anonymous_31)","decl":{"start":{"line":152,"column":27},"end":{"line":152,"column":28}},"loc":{"start":{"line":152,"column":59},"end":{"line":161,"column":3}},"line":152},"32":{"name":"(anonymous_32)","decl":{"start":{"line":154,"column":41},"end":{"line":154,"column":42}},"loc":{"start":{"line":154,"column":51},"end":{"line":154,"column":76}},"line":154},"33":{"name":"(anonymous_33)","decl":{"start":{"line":155,"column":19},"end":{"line":155,"column":20}},"loc":{"start":{"line":155,"column":30},"end":{"line":159,"column":5}},"line":155},"34":{"name":"(anonymous_34)","decl":{"start":{"line":163,"column":23},"end":{"line":163,"column":24}},"loc":{"start":{"line":163,"column":43},"end":{"line":172,"column":3}},"line":163},"35":{"name":"(anonymous_35)","decl":{"start":{"line":164,"column":39},"end":{"line":164,"column":40}},"loc":{"start":{"line":164,"column":46},"end":{"line":164,"column":65}},"line":164},"36":{"name":"(anonymous_36)","decl":{"start":{"line":166,"column":41},"end":{"line":166,"column":42}},"loc":{"start":{"line":166,"column":53},"end":{"line":166,"column":69}},"line":166},"37":{"name":"(anonymous_37)","decl":{"start":{"line":174,"column":17},"end":{"line":174,"column":18}},"loc":{"start":{"line":174,"column":31},"end":{"line":174,"column":82}},"line":174},"38":{"name":"(anonymous_38)","decl":{"start":{"line":177,"column":4},"end":{"line":177,"column":5}},"loc":{"start":{"line":177,"column":10},"end":{"line":177,"column":107}},"line":177},"39":{"name":"(anonymous_39)","decl":{"start":{"line":177,"column":40},"end":{"line":177,"column":41}},"loc":{"start":{"line":177,"column":47},"end":{"line":177,"column":67}},"line":177},"40":{"name":"(anonymous_40)","decl":{"start":{"line":177,"column":76},"end":{"line":177,"column":77}},"loc":{"start":{"line":177,"column":88},"end":{"line":177,"column":103}},"line":177},"41":{"name":"(anonymous_41)","decl":{"start":{"line":182,"column":20},"end":{"line":182,"column":21}},"loc":{"start":{"line":183,"column":4},"end":{"line":190,"column":16}},"line":183},"42":{"name":"(anonymous_42)","decl":{"start":{"line":185,"column":15},"end":{"line":185,"column":16}},"loc":{"start":{"line":185,"column":21},"end":{"line":185,"column":39}},"line":185},"43":{"name":"(anonymous_43)","decl":{"start":{"line":193,"column":25},"end":{"line":193,"column":26}},"loc":{"start":{"line":194,"column":4},"end":{"line":250,"column":7}},"line":194},"44":{"name":"(anonymous_44)","decl":{"start":{"line":217,"column":22},"end":{"line":217,"column":23}},"loc":{"start":{"line":217,"column":29},"end":{"line":217,"column":33}},"line":217},"45":{"name":"(anonymous_45)","decl":{"start":{"line":221,"column":20},"end":{"line":221,"column":21}},"loc":{"start":{"line":221,"column":34},"end":{"line":246,"column":9}},"line":221},"46":{"name":"(anonymous_46)","decl":{"start":{"line":236,"column":27},"end":{"line":236,"column":28}},"loc":{"start":{"line":236,"column":33},"end":{"line":236,"column":52}},"line":236},"47":{"name":"(anonymous_47)","decl":{"start":{"line":240,"column":81},"end":{"line":240,"column":82}},"loc":{"start":{"line":240,"column":87},"end":{"line":240,"column":106}},"line":240},"48":{"name":"(anonymous_48)","decl":{"start":{"line":253,"column":23},"end":{"line":253,"column":24}},"loc":{"start":{"line":253,"column":29},"end":{"line":291,"column":3}},"line":253},"49":{"name":"(anonymous_49)","decl":{"start":{"line":259,"column":22},"end":{"line":259,"column":23}},"loc":{"start":{"line":259,"column":32},"end":{"line":259,"column":36}},"line":259},"50":{"name":"(anonymous_50)","decl":{"start":{"line":261,"column":20},"end":{"line":261,"column":21}},"loc":{"start":{"line":261,"column":43},"end":{"line":287,"column":9}},"line":261},"51":{"name":"(anonymous_51)","decl":{"start":{"line":266,"column":27},"end":{"line":266,"column":28}},"loc":{"start":{"line":267,"column":16},"end":{"line":283,"column":23}},"line":267},"52":{"name":"(anonymous_52)","decl":{"start":{"line":279,"column":29},"end":{"line":279,"column":30}},"loc":{"start":{"line":279,"column":35},"end":{"line":279,"column":60}},"line":279},"53":{"name":"(anonymous_53)","decl":{"start":{"line":293,"column":29},"end":{"line":293,"column":30}},"loc":{"start":{"line":294,"column":4},"end":{"line":325,"column":17}},"line":294},"54":{"name":"(anonymous_54)","decl":{"start":{"line":302,"column":18},"end":{"line":302,"column":19}},"loc":{"start":{"line":302,"column":28},"end":{"line":323,"column":9}},"line":302},"55":{"name":"(anonymous_55)","decl":{"start":{"line":305,"column":20},"end":{"line":305,"column":21}},"loc":{"start":{"line":305,"column":27},"end":{"line":310,"column":13}},"line":305},"56":{"name":"(anonymous_56)","decl":{"start":{"line":311,"column":20},"end":{"line":311,"column":21}},"loc":{"start":{"line":311,"column":32},"end":{"line":311,"column":48}},"line":311}},"branchMap":{"0":{"loc":{"start":{"line":60,"column":4},"end":{"line":65,"column":5}},"type":"if","locations":[{"start":{"line":60,"column":4},"end":{"line":65,"column":5}},{"start":{"line":62,"column":11},"end":{"line":65,"column":5}}],"line":60},"1":{"loc":{"start":{"line":60,"column":8},"end":{"line":60,"column":50}},"type":"binary-expr","locations":[{"start":{"line":60,"column":8},"end":{"line":60,"column":18}},{"start":{"line":60,"column":22},"end":{"line":60,"column":50}}],"line":60},"2":{"loc":{"start":{"line":62,"column":11},"end":{"line":65,"column":5}},"type":"if","locations":[{"start":{"line":62,"column":11},"end":{"line":65,"column":5}},{"start":{},"end":{}}],"line":62},"3":{"loc":{"start":{"line":62,"column":15},"end":{"line":62,"column":58}},"type":"binary-expr","locations":[{"start":{"line":62,"column":15},"end":{"line":62,"column":26}},{"start":{"line":62,"column":30},"end":{"line":62,"column":58}}],"line":62},"4":{"loc":{"start":{"line":67,"column":6},"end":{"line":70,"column":7}},"type":"if","locations":[{"start":{"line":67,"column":6},"end":{"line":70,"column":7}},{"start":{},"end":{}}],"line":67},"5":{"loc":{"start":{"line":76,"column":4},"end":{"line":76,"column":22}},"type":"if","locations":[{"start":{"line":76,"column":4},"end":{"line":76,"column":22}},{"start":{},"end":{}}],"line":76},"6":{"loc":{"start":{"line":88,"column":8},"end":{"line":105,"column":9}},"type":"if","locations":[{"start":{"line":88,"column":8},"end":{"line":105,"column":9}},{"start":{},"end":{}}],"line":88},"7":{"loc":{"start":{"line":89,"column":10},"end":{"line":91,"column":11}},"type":"if","locations":[{"start":{"line":89,"column":10},"end":{"line":91,"column":11}},{"start":{},"end":{}}],"line":89},"8":{"loc":{"start":{"line":106,"column":8},"end":{"line":120,"column":9}},"type":"if","locations":[{"start":{"line":106,"column":8},"end":{"line":120,"column":9}},{"start":{},"end":{}}],"line":106},"9":{"loc":{"start":{"line":140,"column":8},"end":{"line":140,"column":56}},"type":"if","locations":[{"start":{"line":140,"column":8},"end":{"line":140,"column":56}},{"start":{},"end":{}}],"line":140},"10":{"loc":{"start":{"line":140,"column":12},"end":{"line":140,"column":41}},"type":"binary-expr","locations":[{"start":{"line":140,"column":12},"end":{"line":140,"column":18}},{"start":{"line":140,"column":22},"end":{"line":140,"column":41}}],"line":140},"11":{"loc":{"start":{"line":157,"column":6},"end":{"line":157,"column":56}},"type":"if","locations":[{"start":{"line":157,"column":6},"end":{"line":157,"column":56}},{"start":{},"end":{}}],"line":157},"12":{"loc":{"start":{"line":165,"column":4},"end":{"line":165,"column":84}},"type":"if","locations":[{"start":{"line":165,"column":4},"end":{"line":165,"column":84}},{"start":{},"end":{}}],"line":165},"13":{"loc":{"start":{"line":174,"column":31},"end":{"line":174,"column":82}},"type":"cond-expr","locations":[{"start":{"line":174,"column":54},"end":{"line":174,"column":78}},{"start":{"line":174,"column":81},"end":{"line":174,"column":82}}],"line":174},"14":{"loc":{"start":{"line":184,"column":32},"end":{"line":184,"column":76}},"type":"binary-expr","locations":[{"start":{"line":184,"column":32},"end":{"line":184,"column":50}},{"start":{"line":184,"column":54},"end":{"line":184,"column":76}}],"line":184},"15":{"loc":{"start":{"line":187,"column":42},"end":{"line":187,"column":90}},"type":"binary-expr","locations":[{"start":{"line":187,"column":42},"end":{"line":187,"column":60}},{"start":{"line":187,"column":64},"end":{"line":187,"column":90}}],"line":187},"16":{"loc":{"start":{"line":223,"column":35},"end":{"line":223,"column":76}},"type":"cond-expr","locations":[{"start":{"line":223,"column":45},"end":{"line":223,"column":72}},{"start":{"line":223,"column":75},"end":{"line":223,"column":76}}],"line":223},"17":{"loc":{"start":{"line":226,"column":39},"end":{"line":226,"column":68}},"type":"binary-expr","locations":[{"start":{"line":226,"column":39},"end":{"line":226,"column":46}},{"start":{"line":226,"column":50},"end":{"line":226,"column":68}}],"line":226},"18":{"loc":{"start":{"line":235,"column":44},"end":{"line":235,"column":86}},"type":"cond-expr","locations":[{"start":{"line":235,"column":54},"end":{"line":235,"column":68}},{"start":{"line":235,"column":71},"end":{"line":235,"column":86}}],"line":235},"19":{"loc":{"start":{"line":238,"column":51},"end":{"line":238,"column":77}},"type":"cond-expr","locations":[{"start":{"line":238,"column":61},"end":{"line":238,"column":67}},{"start":{"line":238,"column":70},"end":{"line":238,"column":77}}],"line":238},"20":{"loc":{"start":{"line":247,"column":31},"end":{"line":247,"column":82}},"type":"cond-expr","locations":[{"start":{"line":247,"column":52},"end":{"line":247,"column":68}},{"start":{"line":247,"column":71},"end":{"line":247,"column":82}}],"line":247},"21":{"loc":{"start":{"line":262,"column":26},"end":{"line":262,"column":59}},"type":"binary-expr","locations":[{"start":{"line":262,"column":26},"end":{"line":262,"column":53}},{"start":{"line":262,"column":57},"end":{"line":262,"column":59}}],"line":262},"22":{"loc":{"start":{"line":288,"column":31},"end":{"line":288,"column":82}},"type":"cond-expr","locations":[{"start":{"line":288,"column":52},"end":{"line":288,"column":68}},{"start":{"line":288,"column":71},"end":{"line":288,"column":82}}],"line":288},"23":{"loc":{"start":{"line":299,"column":7},"end":{"line":324,"column":7}},"type":"cond-expr","locations":[{"start":{"line":300,"column":8},"end":{"line":300,"column":55}},{"start":{"line":302,"column":8},"end":{"line":323,"column":10}}],"line":299},"24":{"loc":{"start":{"line":306,"column":14},"end":{"line":306,"column":53}},"type":"if","locations":[{"start":{"line":306,"column":14},"end":{"line":306,"column":53}},{"start":{},"end":{}}],"line":306},"25":{"loc":{"start":{"line":318,"column":15},"end":{"line":320,"column":15}},"type":"binary-expr","locations":[{"start":{"line":318,"column":15},"end":{"line":318,"column":30}},{"start":{"line":319,"column":16},"end":{"line":319,"column":97}}],"line":318},"26":{"loc":{"start":{"line":331,"column":16},"end":{"line":331,"column":61}},"type":"cond-expr","locations":[{"start":{"line":331,"column":40},"end":{"line":331,"column":49}},{"start":{"line":331,"column":52},"end":{"line":331,"column":61}}],"line":331},"27":{"loc":{"start":{"line":339,"column":7},"end":{"line":339,"column":49}},"type":"binary-expr","locations":[{"start":{"line":339,"column":7},"end":{"line":339,"column":29}},{"start":{"line":339,"column":33},"end":{"line":339,"column":49}}],"line":339},"28":{"loc":{"start":{"line":340,"column":7},"end":{"line":340,"column":45}},"type":"binary-expr","locations":[{"start":{"line":340,"column":7},"end":{"line":340,"column":27}},{"start":{"line":340,"column":31},"end":{"line":340,"column":45}}],"line":340},"29":{"loc":{"start":{"line":341,"column":7},"end":{"line":341,"column":57}},"type":"binary-expr","locations":[{"start":{"line":341,"column":7},"end":{"line":341,"column":33}},{"start":{"line":341,"column":37},"end":{"line":341,"column":57}}],"line":341},"30":{"loc":{"start":{"line":352,"column":16},"end":{"line":352,"column":47}},"type":"cond-expr","locations":[{"start":{"line":352,"column":40},"end":{"line":352,"column":42}},{"start":{"line":352,"column":45},"end":{"line":352,"column":47}}],"line":352}},"s":{"0":70,"1":70,"2":70,"3":70,"4":70,"5":210,"6":70,"7":6,"8":6,"9":3,"10":3,"11":46,"12":46,"13":46,"14":46,"15":46,"16":46,"17":46,"18":35,"19":46,"20":18,"21":6,"22":0,"23":0,"24":12,"25":0,"26":0,"27":18,"28":18,"29":6,"30":6,"31":46,"32":7,"33":7,"34":0,"35":7,"36":7,"37":7,"38":46,"39":12,"40":12,"41":12,"42":14,"43":12,"44":7,"45":5,"46":5,"47":5,"48":5,"49":2,"50":1,"51":1,"52":1,"53":1,"54":1,"55":46,"56":1,"57":1,"58":1,"59":1,"60":1,"61":1,"62":46,"63":1,"64":1,"65":1,"66":46,"67":29,"68":29,"69":29,"70":10,"71":0,"72":10,"73":10,"74":46,"75":23,"76":9,"77":8,"78":46,"79":5,"80":5,"81":0,"82":5,"83":3,"84":3,"85":3,"86":3,"87":5,"88":46,"89":1,"90":2,"91":1,"92":0,"93":1,"94":2,"95":1,"96":46,"97":7,"98":46,"99":28,"100":23,"101":7,"102":46,"103":120,"104":5,"105":46,"106":40,"107":30,"108":23,"109":23,"110":23,"111":23,"112":12,"113":1,"114":46,"115":5,"116":5,"117":5,"118":6,"119":3,"120":3,"121":3,"122":1,"123":46,"124":1,"125":1,"126":1,"127":2,"128":0,"129":2,"130":2,"131":2,"132":2,"133":1,"134":46,"135":1},"f":{"0":70,"1":210,"2":6,"3":3,"4":46,"5":35,"6":18,"7":0,"8":0,"9":18,"10":7,"11":7,"12":12,"13":12,"14":14,"15":5,"16":1,"17":1,"18":1,"19":1,"20":1,"21":1,"22":1,"23":1,"24":1,"25":29,"26":10,"27":10,"28":23,"29":9,"30":8,"31":5,"32":0,"33":3,"34":1,"35":2,"36":2,"37":7,"38":28,"39":23,"40":7,"41":120,"42":5,"43":40,"44":30,"45":23,"46":12,"47":1,"48":5,"49":6,"50":3,"51":3,"52":1,"53":1,"54":1,"55":2,"56":2},"b":{"0":[6,12],"1":[18,6],"2":[0,12],"3":[12,12],"4":[6,12],"5":[0,7],"6":[12,2],"7":[7,5],"8":[1,1],"9":[0,10],"10":[10,0],"11":[3,0],"12":[0,1],"13":[7,0],"14":[120,40],"15":[120,40],"16":[7,16],"17":[23,7],"18":[7,16],"19":[7,16],"20":[14,26],"21":[3,0],"22":[2,3],"23":[0,1],"24":[0,2],"25":[1,1],"26":[46,0],"27":[46,40],"28":[46,5],"29":[46,1],"30":[1,0]},"_coverageSchema":"1a1c01bbd47fc00a2c39e90264f33305004495a9","hash":"088c434a96c938ee01713cb1592ad1941a3c1815"}
,"/home/runner/work/WorkLogging/WorkLogging/index.ts": {"path":"/home/runner/work/WorkLogging/WorkLogging/index.ts","statementMap":{"0":{"start":{"line":8,"column":0},"end":{"line":8,"column":27}}},"fnMap":{},"branchMap":{},"s":{"0":0},"f":{},"b":{}}
}
