TN:
SF:App.tsx
FN:30,formatDuration
FN:35,(anonymous_1)
FN:39,formatTime
FN:44,formatDate
FN:49,App
FN:57,(anonymous_5)
FN:59,(anonymous_6)
FN:61,(anonymous_7)
FN:61,(anonymous_8)
FN:66,(anonymous_9)
FN:74,(anonymous_10)
FN:77,(anonymous_11)
FN:84,(anonymous_12)
FN:86,(anonymous_13)
FN:87,(anonymous_14)
FN:93,(anonymous_15)
FN:108,(anonymous_16)
FN:126,(anonymous_17)
FN:127,(anonymous_18)
FN:127,(anonymous_19)
FN:128,(anonymous_20)
FN:128,(anonymous_21)
FN:131,(anonymous_22)
FN:132,(anonymous_23)
FN:132,(anonymous_24)
FN:135,(anonymous_25)
FN:139,(anonymous_26)
FN:143,(anonymous_27)
FN:146,(anonymous_28)
FN:148,(anonymous_29)
FN:149,(anonymous_30)
FN:152,(anonymous_31)
FN:154,(anonymous_32)
FN:155,(anonymous_33)
FN:163,(anonymous_34)
FN:164,(anonymous_35)
FN:166,(anonymous_36)
FN:174,(anonymous_37)
FN:177,(anonymous_38)
FN:177,(anonymous_39)
FN:177,(anonymous_40)
FN:182,(anonymous_41)
FN:185,(anonymous_42)
FN:193,(anonymous_43)
FN:217,(anonymous_44)
FN:221,(anonymous_45)
FN:236,(anonymous_46)
FN:240,(anonymous_47)
FN:253,(anonymous_48)
FN:259,(anonymous_49)
FN:261,(anonymous_50)
FN:266,(anonymous_51)
FN:279,(anonymous_52)
FN:293,(anonymous_53)
FN:302,(anonymous_54)
FN:305,(anonymous_55)
FN:311,(anonymous_56)
FNF:57
FNH:54
FNDA:70,formatDuration
FNDA:210,(anonymous_1)
FNDA:6,formatTime
FNDA:3,formatDate
FNDA:46,App
FNDA:35,(anonymous_5)
FNDA:18,(anonymous_6)
FNDA:0,(anonymous_7)
FNDA:0,(anonymous_8)
FNDA:18,(anonymous_9)
FNDA:7,(anonymous_10)
FNDA:7,(anonymous_11)
FNDA:12,(anonymous_12)
FNDA:12,(anonymous_13)
FNDA:14,(anonymous_14)
FNDA:5,(anonymous_15)
FNDA:1,(anonymous_16)
FNDA:1,(anonymous_17)
FNDA:1,(anonymous_18)
FNDA:1,(anonymous_19)
FNDA:1,(anonymous_20)
FNDA:1,(anonymous_21)
FNDA:1,(anonymous_22)
FNDA:1,(anonymous_23)
FNDA:1,(anonymous_24)
FNDA:29,(anonymous_25)
FNDA:10,(anonymous_26)
FNDA:10,(anonymous_27)
FNDA:23,(anonymous_28)
FNDA:9,(anonymous_29)
FNDA:8,(anonymous_30)
FNDA:5,(anonymous_31)
FNDA:0,(anonymous_32)
FNDA:3,(anonymous_33)
FNDA:1,(anonymous_34)
FNDA:2,(anonymous_35)
FNDA:2,(anonymous_36)
FNDA:7,(anonymous_37)
FNDA:28,(anonymous_38)
FNDA:23,(anonymous_39)
FNDA:7,(anonymous_40)
FNDA:120,(anonymous_41)
FNDA:5,(anonymous_42)
FNDA:40,(anonymous_43)
FNDA:30,(anonymous_44)
FNDA:23,(anonymous_45)
FNDA:12,(anonymous_46)
FNDA:1,(anonymous_47)
FNDA:5,(anonymous_48)
FNDA:6,(anonymous_49)
FNDA:3,(anonymous_50)
FNDA:3,(anonymous_51)
FNDA:1,(anonymous_52)
FNDA:1,(anonymous_53)
FNDA:1,(anonymous_54)
FNDA:2,(anonymous_55)
FNDA:2,(anonymous_56)
DA:31,70
DA:32,70
DA:33,70
DA:34,70
DA:35,210
DA:36,70
DA:40,6
DA:41,6
DA:45,3
DA:46,3
DA:50,46
DA:51,46
DA:52,46
DA:53,46
DA:54,46
DA:55,46
DA:57,46
DA:59,46
DA:60,18
DA:61,6
DA:62,12
DA:63,0
DA:64,0
DA:66,18
DA:67,18
DA:68,6
DA:69,6
DA:74,46
DA:75,7
DA:76,7
DA:77,7
DA:81,7
DA:84,46
DA:85,12
DA:86,12
DA:87,12
DA:88,14
DA:89,12
DA:90,7
DA:92,5
DA:93,5
DA:104,5
DA:106,2
DA:107,1
DA:108,1
DA:119,1
DA:121,1
DA:126,46
DA:127,1
DA:128,1
DA:131,46
DA:132,1
DA:135,46
DA:136,29
DA:137,29
DA:138,29
DA:140,10
DA:141,10
DA:143,10
DA:146,46
DA:147,23
DA:148,9
DA:149,8
DA:152,46
DA:153,5
DA:154,5
DA:155,5
DA:156,3
DA:157,3
DA:158,3
DA:160,5
DA:163,46
DA:164,2
DA:165,1
DA:166,2
DA:167,1
DA:174,46
DA:176,46
DA:177,28
DA:182,46
DA:183,120
DA:185,5
DA:193,46
DA:194,40
DA:217,30
DA:222,23
DA:223,23
DA:224,23
DA:225,23
DA:236,12
DA:240,1
DA:253,46
DA:254,5
DA:255,5
DA:256,5
DA:259,6
DA:262,3
DA:263,3
DA:267,3
DA:279,1
DA:293,46
DA:294,1
DA:303,1
DA:304,1
DA:306,2
DA:307,2
DA:308,2
DA:309,2
DA:311,2
DA:312,1
DA:328,46
DA:348,1
LF:112
LH:110
BRDA:60,0,0,6
BRDA:60,0,1,12
BRDA:60,1,0,18
BRDA:60,1,1,6
BRDA:62,2,0,0
BRDA:62,2,1,12
BRDA:62,3,0,12
BRDA:62,3,1,12
BRDA:67,4,0,6
BRDA:67,4,1,12
BRDA:76,5,0,0
BRDA:76,5,1,7
BRDA:88,6,0,12
BRDA:88,6,1,2
BRDA:89,7,0,7
BRDA:89,7,1,5
BRDA:106,8,0,1
BRDA:106,8,1,1
BRDA:140,9,0,0
BRDA:140,9,1,10
BRDA:140,10,0,10
BRDA:140,10,1,0
BRDA:157,11,0,3
BRDA:157,11,1,0
BRDA:165,12,0,0
BRDA:165,12,1,1
BRDA:174,13,0,7
BRDA:174,13,1,0
BRDA:184,14,0,120
BRDA:184,14,1,40
BRDA:187,15,0,120
BRDA:187,15,1,40
BRDA:223,16,0,7
BRDA:223,16,1,16
BRDA:226,17,0,23
BRDA:226,17,1,7
BRDA:235,18,0,7
BRDA:235,18,1,16
BRDA:238,19,0,7
BRDA:238,19,1,16
BRDA:247,20,0,14
BRDA:247,20,1,26
BRDA:262,21,0,3
BRDA:262,21,1,0
BRDA:288,22,0,2
BRDA:288,22,1,3
BRDA:299,23,0,0
BRDA:299,23,1,1
BRDA:306,24,0,0
BRDA:306,24,1,2
BRDA:318,25,0,1
BRDA:318,25,1,1
BRDA:331,26,0,46
BRDA:331,26,1,0
BRDA:339,27,0,46
BRDA:339,27,1,40
BRDA:340,28,0,46
BRDA:340,28,1,5
BRDA:341,29,0,46
BRDA:341,29,1,1
BRDA:352,30,0,1
BRDA:352,30,1,0
BRF:62
BRH:50
end_of_record
TN:
SF:index.ts
FNF:0
FNH:0
DA:8,0
LF:1
LH:0
BRF:0
BRH:0
end_of_record
